<?xml version="1.0" encoding="utf-8"?><testsuites name="pytest tests"><testsuite name="pytest" errors="0" failures="0" skipped="0" tests="20" time="2.035" timestamp="2026-07-06T00:01:38.122276+00:00" hostname="agent-env-0729d87f-b63d-4afe-9950-e7fd895804c8"><testcase classname="tests.test_leaos_onboarding.TestCompleteOnboarding" name="test_complete_with_employees_creates_users_and_returns_temp_passwords" time="0.607" /><testcase classname="tests.test_leaos_onboarding.TestTeamCRUD" name="test_add_member_returns_temp_password" time="0.422" /><testcase classname="tests.test_leaos_onboarding.TestTeamCRUD" name="test_added_member_can_login_with_temp_password" time="0.178" /><testcase classname="tests.test_leaos_onboarding.TestTeamCRUD" name="test_list_team_shows_new_member" time="0.054" /><testcase classname="tests.test_leaos_onboarding.TestCompleteOnboarding" name="test_onboarding_status_now_true" time="0.053" /><testcase classname="tests.test_leaos_onboarding.TestTeamCRUD" name="test_patch_member_role" time="0.162" /><testcase classname="tests.test_leaos_onboarding.TestCompleteOnboarding" name="test_created_employee_can_login" time="0.051" /><testcase classname="tests.test_leaos_onboarding.TestTeamCRUD" name="test_delete_member" time="0.183" /><testcase classname="tests.test_leaos_onboarding.TestMultiTenantIsolation" name="test_team_endpoint_isolated" time="0.237" /><testcase classname="tests.test_leaos_onboarding.TestMultiTenantIsolation" name="test_export_isolated" time="0.069" /><testcase classname="tests.test_leaos_onboarding.TestTeamCRUD" name="test_cannot_delete_self" time="0.045" /><testcase classname="tests.test_leaos_onboarding.TestMultiTenantIsolation" name="test_patch_member_of_other_tenant_no_effect" time="0.242" /><testcase classname="tests.test_leaos_onboarding.TestTeamCRUD" name="test_add_duplicate_email_rejected" time="0.050" /><testcase classname="tests.test_leaos_onboarding.TestBranding" name="test_patch_branding_persists" time="0.102" /><testcase classname="tests.test_leaos_onboarding.TestBranding" name="test_branding_company_rename" time="0.047" /><testcase classname="tests.test_leaos_onboarding.TestAuthGate" name="test_no_token_rejected" time="0.048" /><testcase classname="tests.test_leaos_onboarding.TestSignupAndOnboardingStatus" name="test_signup_returns_tenant_admin" time="0.000" /><testcase classname="tests.test_leaos_onboarding.TestSignupAndOnboardingStatus" name="test_onboarding_status_initially_false" time="0.221" /><testcase classname="tests.test_leaos_onboarding.TestAuthGate" name="test_bad_token_rejected" time="0.068" /><testcase classname="tests.test_leaos_onboarding.TestTenantExport" name="test_export_returns_leaos_schema" time="0.058" /></testsuite></testsuites>